27/10/2014
		+ add class "active" for popup when show
30/06/2015
		+ add popup id to pagecover class => easy to style
		
08/12/2015
		+ fix option closethenremove when html auto initilize
		
24/03/2016
		+ add option "longPopup" to support very long popup that make body scroll

23/04/2016
		+ add class to body when longPopup is open

02/07/2016
		+ support class to prevent add an element to locked-div, class is "zpreventlongpopup"
		+ support animate.css

07/07/2016 
		+ support new value for longPopup: "mobileOnly"

11/01/2017
		+ change event name from using "." (dot) to ":" (semicolon)

11/02/2017
		+ fix longpopup

22/02/2017
		+ add option "scrollPopup" work better than "longPopup"

02/03/2017
		+ fix scrollPopup working with "closethenremove" option

06/05/2017
		+ add option "pagecoverClass"

12/05/2017
		+ add option "autoshowDelay" with default value is zero "0"

24/05/2017
		+ add option "disableWindowScroll" with default value is "false"

24/06/2017
		+ option "disableWindowScroll" now accept true/false/"mobileOnly"

01/10/2017
		+ add event "ui:popup:beforehide"
		+ better handler longPopup with freezepanel

08/10/2017
		+ add option "pullDown"

10/10/2017
		+ better support open multi long popup same time

11/10/2017
		+ add event "ui:popup:aftershow"
		+ also can pass a callback function to method popupShow()
