01/06/2015
		+ support use input-field to input to date
02/06/2015
		+ add new event "ui.datepicker.ready"
		+ add option "inputClass"
21/06/2015
		+ add new option "disabledDate" with support value is: "< > << before after to"
22/06/2015
		+ support "today", "tomorrow", "yesterday" value for option "disabledDate"
30/06/2015
		+ add option "calendarChangeMonthYear" with default value is "true"
		+ fix some bug

16/01/2017
		+ Zepto support

28/04/2017
		+ Add "de" language

22/06/2018
		+ add option "panel" to decide to show/notshow panel 
		+ add option "strictInput" to allow suggestion/fix when user typing
		+ add option "labelPlaceholder" to show a field lable like a placeholder

23/10/2019
		+ support to use numpad to type to datetime input field