03/06/2015
		+ support body is zscrollbar (also when scrollbar auto switch to use default)

03/06/2015
		+ add new option "pendingScrollTime" 

26/11/2016
		+ fix problem when handler window resize

15/12/2016
		+ add new option "handlerFreezingElement", "handlerFreezingMethod"

16/01/2017
		+ support Zepto
		+ add new method: zjs::freezepanelGetOriginalTop(), zjs::freezepanelGetAbsoluteTop()

19/01/2017
		+ method zjs::freezepanelGetAbsoluteTop() now support element that inside another "freeze element"

24/02/2017
		+ add new option "autoHideWhenReach"
		+ support multi zfreezepanel show as a stack

28/02/2017
		+ add new option "useHeightBuffer" (default is TRUE)
		+ add new option "excludeFromFreezingStack" (default is FALSE)

11/03/2017
		+ support option "autoHideWhenReach" accept a number
		+ add new option "autoHideSpeed" with default value is 2000
		+ add new option "autoHideDelay" with default value is 0 (zero)

13/04/2017
		+ add new option "autoDisableWhenWindowWidthLessThan" with default value is 0