02/06/2014
		+ fix method zjs::autosuggestionAddindex() -> ko add duoc
		+ them option 'sourceUrl' -> support search via ajax

06/02/2015
		+ fix token default value for input when use ajax to load datasource
		
14/07/2015
		+ fix several bugs for suggesting & placeholder text

17/07/2015
		+ add new option: multiline with default is "TRUE"

04/01/2017
		+ add new option: "initSourceUrl" & "sourceDataStructure"

15/01/2017
		+ support zepto

17/01/2017
		+ add new option: "itemLinkFormat" that support add/handler a link as a highlight-item

22/06/2017
		+ better render placeholder text
		+ support use attribute "data-autocomplete-path" as an alternative for option.sourceUrl
		+ trigger "input" event

20/09/2017
		+ support "data-placeholder" attribute on input to prevent issue on IE 11
		